<?xml version="1.0" encoding="UTF-8"?>
<!-- Generated by org.testng.reporters.JUnitReportReporter -->
<testsuite hostname="PavanKeerthi" name="BusinessLogicTestCases.TestCase2" tests="1" failures="0" timestamp="5 Feb 2019 01:05:27 GMT" time="8.824" errors="0">
  <testcase name="f" time="8.824" classname="BusinessLogicTestCases.TestCase2"/>
</testsuite> <!-- BusinessLogicTestCases.TestCase2 -->
