<?xml version="1.0" encoding="UTF-8"?>
<!-- Generated by org.testng.reporters.JUnitReportReporter -->
<testsuite hostname="PavanKeerthi" name="BusinessLogicTestCases.TestCase1" tests="1" failures="0" timestamp="5 Feb 2019 01:05:27 GMT" time="7.951" errors="0">
  <testcase name="LoginScenario" time="7.951" classname="BusinessLogicTestCases.TestCase1"/>
</testsuite> <!-- BusinessLogicTestCases.TestCase1 -->
